---------------------------------------------------------------

[2022-03-21T08:47:09+08:00] 127.0.0.1 GET www.caomao.com/
[运行时间：0.641707s] [吞吐率：1.56req/s] [内存消耗：1,982.98kb] [文件加载：127]
[ info ] [ ROUTE ] array (
)
[ info ] [ HEADER ] array (
  'host' => 'www.caomao.com',
  'upgrade-insecure-requests' => '1',
  'user-agent' => 'Mozilla/5.0 (Windows NT 10.0; Win64; x64) AppleWebKit/537.36 (KHTML, like Gecko) Chrome/99.0.4844.74 Safari/537.36',
  'accept' => 'text/html,application/xhtml+xml,application/xml;q=0.9,image/avif,image/webp,image/apng,*/*;q=0.8,application/signed-exchange;v=b3;q=0.9',
  'accept-encoding' => 'gzip, deflate',
  'accept-language' => 'zh-CN,zh;q=0.9',
  'cookie' => 'Hm_lvt_dd05196a1abdf825fc7a76f577ec4144=1636596244,1636623988,1636683797,1637206457; user=think%3A%7B%22username%22%3A%222NywHCEVdQ12yudRNWVg74s%22%2C%22password%22%3A%22iozmHXUQcFkPlrUMOF475YlilU2tgfCadRpvZXpFcScg6p9llcTMRYkb9jK1jATQ%22%7D',
  'connection' => 'close',
)
[ info ] [ PARAM ] array (
)
[ info ] [ DB ] INIT mysql
[ info ] [ VIEW ] ../application/index/view/index\index.html [ array (
  0 => 'service',
  1 => 'menu',
  2 => 'continents',
  3 => 'controller',
  4 => 'userid',
  5 => 'username',
  6 => 'nickname',
  7 => 'avatar',
  8 => 'time',
  9 => 'toolbar',
  10 => 'wechat',
  11 => 'serviceData',
  12 => 'banner',
  13 => 'hotArticle',
  14 => 'category',
  15 => 'leftArticle',
  16 => 'activity',
  17 => 'college',
  18 => 'logistics',
  19 => 'announcement',
  20 => 'links',
) ]
---------------------------------------------------------------

[2022-03-21T08:47:11+08:00] 127.0.0.1 POST www.caomao.com/index.php
[运行时间：0.250282s] [吞吐率：4.00req/s] [内存消耗：1,776.31kb] [文件加载：124]
[ info ] [ ROUTE ] array (
)
[ info ] [ HEADER ] array (
  'host' => 'www.caomao.com',
  'content-length' => '7',
  'accept' => '*/*',
  'x-requested-with' => 'XMLHttpRequest',
  'user-agent' => 'Mozilla/5.0 (Windows NT 10.0; Win64; x64) AppleWebKit/537.36 (KHTML, like Gecko) Chrome/99.0.4844.74 Safari/537.36',
  'content-type' => 'application/x-www-form-urlencoded; charset=UTF-8',
  'origin' => 'http://www.caomao.com',
  'referer' => 'http://www.caomao.com/',
  'accept-encoding' => 'gzip, deflate',
  'accept-language' => 'zh-CN,zh;q=0.9',
  'cookie' => 'Hm_lvt_dd05196a1abdf825fc7a76f577ec4144=1636596244,1636623988,1636683797,1637206457; user=think%3A%7B%22username%22%3A%222NywHCEVdQ12yudRNWVg74s%22%2C%22password%22%3A%22iozmHXUQcFkPlrUMOF475YlilU2tgfCadRpvZXpFcScg6p9llcTMRYkb9jK1jATQ%22%7D; PHPSESSID=2a10lnck69dc1mohaulra52s39; thinkphp_show_page_trace=0|0',
  'connection' => 'close',
)
[ info ] [ PARAM ] array (
  'jxsb' => 'sb',
)
[ info ] [ DB ] INIT mysql
[ info ] [ VIEW ] ../application/index/view/index\index.html [ array (
  0 => 'service',
  1 => 'menu',
  2 => 'continents',
  3 => 'controller',
  4 => 'userid',
  5 => 'username',
  6 => 'nickname',
  7 => 'avatar',
  8 => 'time',
  9 => 'toolbar',
  10 => 'wechat',
  11 => 'serviceData',
  12 => 'banner',
  13 => 'hotArticle',
  14 => 'category',
  15 => 'leftArticle',
  16 => 'activity',
  17 => 'college',
  18 => 'logistics',
  19 => 'announcement',
  20 => 'links',
) ]
---------------------------------------------------------------

[2022-03-21T09:09:34+08:00] 127.0.0.1 GET www.caomao.com/
[运行时间：0.268044s] [吞吐率：3.73req/s] [内存消耗：1,803.45kb] [文件加载：125]
[ info ] [ ROUTE ] array (
)
[ info ] [ HEADER ] array (
  'host' => 'www.caomao.com',
  'upgrade-insecure-requests' => '1',
  'user-agent' => 'Mozilla/5.0 (Windows NT 10.0; Win64; x64) AppleWebKit/537.36 (KHTML, like Gecko) Chrome/99.0.4844.74 Safari/537.36',
  'accept' => 'text/html,application/xhtml+xml,application/xml;q=0.9,image/avif,image/webp,image/apng,*/*;q=0.8,application/signed-exchange;v=b3;q=0.9',
  'accept-encoding' => 'gzip, deflate',
  'accept-language' => 'zh-CN,zh;q=0.9',
  'cookie' => 'Hm_lvt_dd05196a1abdf825fc7a76f577ec4144=1636596244,1636623988,1636683797,1637206457; user=think%3A%7B%22username%22%3A%222NywHCEVdQ12yudRNWVg74s%22%2C%22password%22%3A%22iozmHXUQcFkPlrUMOF475YlilU2tgfCadRpvZXpFcScg6p9llcTMRYkb9jK1jATQ%22%7D; PHPSESSID=2a10lnck69dc1mohaulra52s39; thinkphp_show_page_trace=0|0',
  'connection' => 'close',
)
[ info ] [ PARAM ] array (
)
[ info ] [ DB ] INIT mysql
[ info ] [ VIEW ] ../application/index/view/index\index.html [ array (
  0 => 'service',
  1 => 'menu',
  2 => 'continents',
  3 => 'controller',
  4 => 'userid',
  5 => 'username',
  6 => 'nickname',
  7 => 'avatar',
  8 => 'time',
  9 => 'toolbar',
  10 => 'wechat',
  11 => 'serviceData',
  12 => 'banner',
  13 => 'hotArticle',
  14 => 'category',
  15 => 'leftArticle',
  16 => 'activity',
  17 => 'college',
  18 => 'logistics',
  19 => 'announcement',
  20 => 'links',
) ]
---------------------------------------------------------------

[2022-03-21T09:09:35+08:00] 127.0.0.1 POST www.caomao.com/index.php
[运行时间：0.238729s] [吞吐率：4.19req/s] [内存消耗：1,775.20kb] [文件加载：124]
[ info ] [ ROUTE ] array (
)
[ info ] [ HEADER ] array (
  'host' => 'www.caomao.com',
  'content-length' => '7',
  'accept' => '*/*',
  'x-requested-with' => 'XMLHttpRequest',
  'user-agent' => 'Mozilla/5.0 (Windows NT 10.0; Win64; x64) AppleWebKit/537.36 (KHTML, like Gecko) Chrome/99.0.4844.74 Safari/537.36',
  'content-type' => 'application/x-www-form-urlencoded; charset=UTF-8',
  'origin' => 'http://www.caomao.com',
  'referer' => 'http://www.caomao.com/',
  'accept-encoding' => 'gzip, deflate',
  'accept-language' => 'zh-CN,zh;q=0.9',
  'cookie' => 'Hm_lvt_dd05196a1abdf825fc7a76f577ec4144=1636596244,1636623988,1636683797,1637206457; user=think%3A%7B%22username%22%3A%222NywHCEVdQ12yudRNWVg74s%22%2C%22password%22%3A%22iozmHXUQcFkPlrUMOF475YlilU2tgfCadRpvZXpFcScg6p9llcTMRYkb9jK1jATQ%22%7D; PHPSESSID=2a10lnck69dc1mohaulra52s39; thinkphp_show_page_trace=0|0',
  'connection' => 'close',
)
[ info ] [ PARAM ] array (
  'jxsb' => 'sb',
)
[ info ] [ DB ] INIT mysql
[ info ] [ VIEW ] ../application/index/view/index\index.html [ array (
  0 => 'service',
  1 => 'menu',
  2 => 'continents',
  3 => 'controller',
  4 => 'userid',
  5 => 'username',
  6 => 'nickname',
  7 => 'avatar',
  8 => 'time',
  9 => 'toolbar',
  10 => 'wechat',
  11 => 'serviceData',
  12 => 'banner',
  13 => 'hotArticle',
  14 => 'category',
  15 => 'leftArticle',
  16 => 'activity',
  17 => 'college',
  18 => 'logistics',
  19 => 'announcement',
  20 => 'links',
) ]
---------------------------------------------------------------

[2022-03-21T09:21:04+08:00] 127.0.0.1 GET www.caomao.com/index/service
[运行时间：0.360318s] [吞吐率：2.78req/s] [内存消耗：953.98kb] [文件加载：117]
[ info ] [ ROUTE ] array (
)
[ info ] [ HEADER ] array (
  'host' => 'www.caomao.com',
  'upgrade-insecure-requests' => '1',
  'user-agent' => 'Mozilla/5.0 (Windows NT 10.0; Win64; x64) AppleWebKit/537.36 (KHTML, like Gecko) Chrome/99.0.4844.74 Safari/537.36',
  'accept' => 'text/html,application/xhtml+xml,application/xml;q=0.9,image/avif,image/webp,image/apng,*/*;q=0.8,application/signed-exchange;v=b3;q=0.9',
  'referer' => 'http://www.caomao.com/',
  'accept-encoding' => 'gzip, deflate',
  'accept-language' => 'zh-CN,zh;q=0.9',
  'cookie' => 'Hm_lvt_dd05196a1abdf825fc7a76f577ec4144=1636596244,1636623988,1636683797,1637206457; user=think%3A%7B%22username%22%3A%222NywHCEVdQ12yudRNWVg74s%22%2C%22password%22%3A%22iozmHXUQcFkPlrUMOF475YlilU2tgfCadRpvZXpFcScg6p9llcTMRYkb9jK1jATQ%22%7D; PHPSESSID=2a10lnck69dc1mohaulra52s39; thinkphp_show_page_trace=0|0',
  'connection' => 'close',
)
[ info ] [ PARAM ] array (
)
[ info ] [ DB ] INIT mysql
[ info ] [ VIEW ] ../application/index/view/service\index.html [ array (
  0 => 'service',
  1 => 'menu',
  2 => 'continents',
  3 => 'controller',
  4 => 'userid',
  5 => 'username',
  6 => 'nickname',
  7 => 'avatar',
  8 => 'time',
  9 => 'toolbar',
  10 => 'wechat',
  11 => 'list',
  12 => 'banner',
) ]
---------------------------------------------------------------

[2022-03-21T09:28:45+08:00] 127.0.0.1 GET www.caomao.com/index/service
[运行时间：0.215568s] [吞吐率：4.64req/s] [内存消耗：842.26kb] [文件加载：115]
[ info ] [ ROUTE ] array (
)
[ info ] [ HEADER ] array (
  'host' => 'www.caomao.com',
  'cache-control' => 'max-age=0',
  'upgrade-insecure-requests' => '1',
  'user-agent' => 'Mozilla/5.0 (Windows NT 10.0; Win64; x64) AppleWebKit/537.36 (KHTML, like Gecko) Chrome/99.0.4844.74 Safari/537.36',
  'accept' => 'text/html,application/xhtml+xml,application/xml;q=0.9,image/avif,image/webp,image/apng,*/*;q=0.8,application/signed-exchange;v=b3;q=0.9',
  'referer' => 'http://www.caomao.com/',
  'accept-encoding' => 'gzip, deflate',
  'accept-language' => 'zh-CN,zh;q=0.9',
  'cookie' => 'thinkphp_show_page_trace=0|0; Hm_lvt_dd05196a1abdf825fc7a76f577ec4144=1636596244,1636623988,1636683797,1637206457; user=think%3A%7B%22username%22%3A%222NywHCEVdQ12yudRNWVg74s%22%2C%22password%22%3A%22iozmHXUQcFkPlrUMOF475YlilU2tgfCadRpvZXpFcScg6p9llcTMRYkb9jK1jATQ%22%7D; PHPSESSID=2a10lnck69dc1mohaulra52s39; thinkphp_show_page_trace=0|0',
  'connection' => 'close',
)
[ info ] [ PARAM ] array (
)
[ info ] [ DB ] INIT mysql
[ info ] [ VIEW ] ../application/index/view/service\index.html [ array (
  0 => 'service',
  1 => 'menu',
  2 => 'continents',
  3 => 'controller',
  4 => 'userid',
  5 => 'username',
  6 => 'nickname',
  7 => 'avatar',
  8 => 'time',
  9 => 'toolbar',
  10 => 'wechat',
  11 => 'list',
  12 => 'banner',
) ]
