---------------------------------------------------------------

[2022-04-01T16:51:57+08:00] 127.0.0.1 GET www.caomao.com/
[运行时间：1.806826s] [吞吐率：0.55req/s] [内存消耗：2,392.43kb] [文件加载：127]
[ info ] [ ROUTE ] array (
)
[ info ] [ HEADER ] array (
  'host' => 'www.caomao.com',
  'upgrade-insecure-requests' => '1',
  'user-agent' => 'Mozilla/5.0 (Windows NT 10.0; Win64; x64) AppleWebKit/537.36 (KHTML, like Gecko) Chrome/100.0.4896.60 Safari/537.36',
  'accept' => 'text/html,application/xhtml+xml,application/xml;q=0.9,image/avif,image/webp,image/apng,*/*;q=0.8,application/signed-exchange;v=b3;q=0.9',
  'accept-encoding' => 'gzip, deflate',
  'accept-language' => 'zh-CN,zh;q=0.9',
  'cookie' => 'Hm_lvt_dd05196a1abdf825fc7a76f577ec4144=1636596244,1636623988,1636683797,1637206457',
  'connection' => 'close',
)
[ info ] [ PARAM ] array (
)
[ info ] [ DB ] INIT mysql
[ info ] [ VIEW ] ../application/index/view/index\index.html [ array (
  0 => 'service',
  1 => 'menu',
  2 => 'continents',
  3 => 'controller',
  4 => 'userid',
  5 => 'username',
  6 => 'nickname',
  7 => 'avatar',
  8 => 'time',
  9 => 'toolbar',
  10 => 'wechat',
  11 => 'serviceData',
  12 => 'banner',
  13 => 'hotArticle',
  14 => 'category',
  15 => 'leftArticle',
  16 => 'activity',
  17 => 'college',
  18 => 'logistics',
  19 => 'announcement',
  20 => 'links',
) ]
---------------------------------------------------------------

[2022-04-01T16:51:59+08:00] 127.0.0.1 POST www.caomao.com/index.php
[运行时间：0.276091s] [吞吐率：3.62req/s] [内存消耗：1,717.32kb] [文件加载：124]
[ info ] [ ROUTE ] array (
)
[ info ] [ HEADER ] array (
  'host' => 'www.caomao.com',
  'content-length' => '7',
  'accept' => '*/*',
  'x-requested-with' => 'XMLHttpRequest',
  'user-agent' => 'Mozilla/5.0 (Windows NT 10.0; Win64; x64) AppleWebKit/537.36 (KHTML, like Gecko) Chrome/100.0.4896.60 Safari/537.36',
  'content-type' => 'application/x-www-form-urlencoded; charset=UTF-8',
  'origin' => 'http://www.caomao.com',
  'referer' => 'http://www.caomao.com/',
  'accept-encoding' => 'gzip, deflate',
  'accept-language' => 'zh-CN,zh;q=0.9',
  'cookie' => 'Hm_lvt_dd05196a1abdf825fc7a76f577ec4144=1636596244,1636623988,1636683797,1637206457; PHPSESSID=1kpmjljcogoilvami3vl47n2jo; thinkphp_show_page_trace=0|0',
  'connection' => 'close',
)
[ info ] [ PARAM ] array (
  'jxsb' => 'sb',
)
[ info ] [ DB ] INIT mysql
[ info ] [ VIEW ] ../application/index/view/index\index.html [ array (
  0 => 'service',
  1 => 'menu',
  2 => 'continents',
  3 => 'controller',
  4 => 'userid',
  5 => 'username',
  6 => 'nickname',
  7 => 'avatar',
  8 => 'time',
  9 => 'toolbar',
  10 => 'wechat',
  11 => 'serviceData',
  12 => 'banner',
  13 => 'hotArticle',
  14 => 'category',
  15 => 'leftArticle',
  16 => 'activity',
  17 => 'college',
  18 => 'logistics',
  19 => 'announcement',
  20 => 'links',
) ]
---------------------------------------------------------------

[2022-04-01T17:58:15+08:00] 127.0.0.1 GET www.caomao.com/
[运行时间：0.431389s] [吞吐率：2.32req/s] [内存消耗：1,992.29kb] [文件加载：127]
[ info ] [ ROUTE ] array (
)
[ info ] [ HEADER ] array (
  'host' => 'www.caomao.com',
  'connection' => 'keep-alive',
  'cache-control' => 'max-age=0',
  'upgrade-insecure-requests' => '1',
  'user-agent' => 'Mozilla/5.0 (Windows NT 10.0; Win64; x64) AppleWebKit/537.36 (KHTML, like Gecko) Chrome/100.0.4896.60 Safari/537.36',
  'accept' => 'text/html,application/xhtml+xml,application/xml;q=0.9,image/avif,image/webp,image/apng,*/*;q=0.8,application/signed-exchange;v=b3;q=0.9',
  'accept-encoding' => 'gzip, deflate',
  'accept-language' => 'zh-CN,zh;q=0.9',
  'cookie' => 'Hm_lvt_dd05196a1abdf825fc7a76f577ec4144=1636596244,1636623988,1636683797,1637206457; PHPSESSID=1kpmjljcogoilvami3vl47n2jo; thinkphp_show_page_trace=0|0',
)
[ info ] [ PARAM ] array (
)
[ info ] [ DB ] INIT mysql
[ info ] [ VIEW ] ../application/index/view/index\index.html [ array (
  0 => 'service',
  1 => 'menu',
  2 => 'continents',
  3 => 'controller',
  4 => 'userid',
  5 => 'username',
  6 => 'nickname',
  7 => 'avatar',
  8 => 'time',
  9 => 'toolbar',
  10 => 'wechat',
  11 => 'serviceData',
  12 => 'banner',
  13 => 'hotArticle',
  14 => 'category',
  15 => 'leftArticle',
  16 => 'activity',
  17 => 'college',
  18 => 'logistics',
  19 => 'announcement',
  20 => 'links',
) ]
---------------------------------------------------------------

[2022-04-01T17:58:16+08:00] 127.0.0.1 POST www.caomao.com/index.php
[运行时间：0.248668s] [吞吐率：4.02req/s] [内存消耗：1,717.31kb] [文件加载：124]
[ info ] [ ROUTE ] array (
)
[ info ] [ HEADER ] array (
  'host' => 'www.caomao.com',
  'connection' => 'keep-alive',
  'content-length' => '7',
  'accept' => '*/*',
  'x-requested-with' => 'XMLHttpRequest',
  'user-agent' => 'Mozilla/5.0 (Windows NT 10.0; Win64; x64) AppleWebKit/537.36 (KHTML, like Gecko) Chrome/100.0.4896.60 Safari/537.36',
  'content-type' => 'application/x-www-form-urlencoded; charset=UTF-8',
  'origin' => 'http://www.caomao.com',
  'referer' => 'http://www.caomao.com/',
  'accept-encoding' => 'gzip, deflate',
  'accept-language' => 'zh-CN,zh;q=0.9',
  'cookie' => 'Hm_lvt_dd05196a1abdf825fc7a76f577ec4144=1636596244,1636623988,1636683797,1637206457; PHPSESSID=1kpmjljcogoilvami3vl47n2jo; thinkphp_show_page_trace=0|0',
)
[ info ] [ PARAM ] array (
  'jxsb' => 'sb',
)
[ info ] [ DB ] INIT mysql
[ info ] [ VIEW ] ../application/index/view/index\index.html [ array (
  0 => 'service',
  1 => 'menu',
  2 => 'continents',
  3 => 'controller',
  4 => 'userid',
  5 => 'username',
  6 => 'nickname',
  7 => 'avatar',
  8 => 'time',
  9 => 'toolbar',
  10 => 'wechat',
  11 => 'serviceData',
  12 => 'banner',
  13 => 'hotArticle',
  14 => 'category',
  15 => 'leftArticle',
  16 => 'activity',
  17 => 'college',
  18 => 'logistics',
  19 => 'announcement',
  20 => 'links',
) ]
---------------------------------------------------------------

[2022-04-01T17:58:44+08:00] 127.0.0.1 GET www.caomao.com/
[运行时间：0.292652s] [吞吐率：3.42req/s] [内存消耗：1,745.95kb] [文件加载：125]
[ info ] [ ROUTE ] array (
)
[ info ] [ HEADER ] array (
  'host' => 'www.caomao.com',
  'connection' => 'keep-alive',
  'upgrade-insecure-requests' => '1',
  'user-agent' => 'Mozilla/5.0 (Windows NT 10.0; Win64; x64) AppleWebKit/537.36 (KHTML, like Gecko) Chrome/100.0.4896.60 Safari/537.36',
  'accept' => 'text/html,application/xhtml+xml,application/xml;q=0.9,image/avif,image/webp,image/apng,*/*;q=0.8,application/signed-exchange;v=b3;q=0.9',
  'referer' => 'http://www.caomao.com/',
  'accept-encoding' => 'gzip, deflate',
  'accept-language' => 'zh-CN,zh;q=0.9',
  'cookie' => 'Hm_lvt_dd05196a1abdf825fc7a76f577ec4144=1636596244,1636623988,1636683797,1637206457; PHPSESSID=1kpmjljcogoilvami3vl47n2jo; thinkphp_show_page_trace=0|0',
)
[ info ] [ PARAM ] array (
)
[ info ] [ DB ] INIT mysql
[ info ] [ VIEW ] ../application/index/view/index\index.html [ array (
  0 => 'service',
  1 => 'menu',
  2 => 'continents',
  3 => 'controller',
  4 => 'userid',
  5 => 'username',
  6 => 'nickname',
  7 => 'avatar',
  8 => 'time',
  9 => 'toolbar',
  10 => 'wechat',
  11 => 'serviceData',
  12 => 'banner',
  13 => 'hotArticle',
  14 => 'category',
  15 => 'leftArticle',
  16 => 'activity',
  17 => 'college',
  18 => 'logistics',
  19 => 'announcement',
  20 => 'links',
) ]
---------------------------------------------------------------

[2022-04-01T17:58:46+08:00] 127.0.0.1 POST www.caomao.com/index.php
[运行时间：0.243269s] [吞吐率：4.11req/s] [内存消耗：1,716.22kb] [文件加载：124]
[ info ] [ ROUTE ] array (
)
[ info ] [ HEADER ] array (
  'host' => 'www.caomao.com',
  'connection' => 'keep-alive',
  'content-length' => '7',
  'accept' => '*/*',
  'x-requested-with' => 'XMLHttpRequest',
  'user-agent' => 'Mozilla/5.0 (Windows NT 10.0; Win64; x64) AppleWebKit/537.36 (KHTML, like Gecko) Chrome/100.0.4896.60 Safari/537.36',
  'content-type' => 'application/x-www-form-urlencoded; charset=UTF-8',
  'origin' => 'http://www.caomao.com',
  'referer' => 'http://www.caomao.com/',
  'accept-encoding' => 'gzip, deflate',
  'accept-language' => 'zh-CN,zh;q=0.9',
  'cookie' => 'Hm_lvt_dd05196a1abdf825fc7a76f577ec4144=1636596244,1636623988,1636683797,1637206457; PHPSESSID=1kpmjljcogoilvami3vl47n2jo; thinkphp_show_page_trace=0|0',
)
[ info ] [ PARAM ] array (
  'jxsb' => 'sb',
)
[ info ] [ DB ] INIT mysql
[ info ] [ VIEW ] ../application/index/view/index\index.html [ array (
  0 => 'service',
  1 => 'menu',
  2 => 'continents',
  3 => 'controller',
  4 => 'userid',
  5 => 'username',
  6 => 'nickname',
  7 => 'avatar',
  8 => 'time',
  9 => 'toolbar',
  10 => 'wechat',
  11 => 'serviceData',
  12 => 'banner',
  13 => 'hotArticle',
  14 => 'category',
  15 => 'leftArticle',
  16 => 'activity',
  17 => 'college',
  18 => 'logistics',
  19 => 'announcement',
  20 => 'links',
) ]
