---------------------------------------------------------------

[2022-05-05T10:44:39+08:00] 127.0.0.1 GET www.caomao.com/
[运行时间：1.062161s] [吞吐率：0.94req/s] [内存消耗：813.81kb] [文件加载：102]
[ info ] [ ROUTE ] array (
)
[ info ] [ HEADER ] array (
  'host' => 'www.caomao.com',
  'upgrade-insecure-requests' => '1',
  'user-agent' => 'Mozilla/5.0 (Windows NT 10.0; Win64; x64) AppleWebKit/537.36 (KHTML, like Gecko) Chrome/100.0.4896.127 Safari/537.36',
  'accept' => 'text/html,application/xhtml+xml,application/xml;q=0.9,image/avif,image/webp,image/apng,*/*;q=0.8,application/signed-exchange;v=b3;q=0.9',
  'accept-encoding' => 'gzip, deflate',
  'accept-language' => 'zh-CN,zh;q=0.9',
  'cookie' => 'Hm_lvt_dd05196a1abdf825fc7a76f577ec4144=1636596244,1636623988,1636683797,1637206457',
  'connection' => 'close',
)
[ info ] [ PARAM ] array (
)
[ info ] [ DB ] INIT mysql
[ error ] [1045]SQLSTATE[HY000] [1045] Access denied for user 'www_caomaokj_com'@'localhost' (using password: YES)[D:\Web\www.caomaokj.com\thinkphp\library\think\db\Connection.php:528]
---------------------------------------------------------------

[2022-05-05T10:45:44+08:00] 127.0.0.1 GET www.caomao.com/
[运行时间：0.023686s] [吞吐率：42.22req/s] [内存消耗：415.00kb] [文件加载：102]
[ info ] [ ROUTE ] array (
)
[ info ] [ HEADER ] array (
  'host' => 'www.caomao.com',
  'cache-control' => 'max-age=0',
  'upgrade-insecure-requests' => '1',
  'user-agent' => 'Mozilla/5.0 (Windows NT 10.0; Win64; x64) AppleWebKit/537.36 (KHTML, like Gecko) Chrome/100.0.4896.127 Safari/537.36',
  'accept' => 'text/html,application/xhtml+xml,application/xml;q=0.9,image/avif,image/webp,image/apng,*/*;q=0.8,application/signed-exchange;v=b3;q=0.9',
  'accept-encoding' => 'gzip, deflate',
  'accept-language' => 'zh-CN,zh;q=0.9',
  'cookie' => 'Hm_lvt_dd05196a1abdf825fc7a76f577ec4144=1636596244,1636623988,1636683797,1637206457',
  'connection' => 'close',
)
[ info ] [ PARAM ] array (
)
[ info ] [ DB ] INIT mysql
[ error ] [1045]SQLSTATE[HY000] [1045] Access denied for user 'www_caomaokj_com'@'localhost' (using password: NO)[D:\Web\www.caomaokj.com\thinkphp\library\think\db\Connection.php:528]
---------------------------------------------------------------

[2022-05-05T10:45:46+08:00] 127.0.0.1 GET www.caomao.com/
[运行时间：0.025645s] [吞吐率：38.99req/s] [内存消耗：414.61kb] [文件加载：102]
[ info ] [ ROUTE ] array (
)
[ info ] [ HEADER ] array (
  'host' => 'www.caomao.com',
  'cache-control' => 'max-age=0',
  'upgrade-insecure-requests' => '1',
  'user-agent' => 'Mozilla/5.0 (Windows NT 10.0; Win64; x64) AppleWebKit/537.36 (KHTML, like Gecko) Chrome/100.0.4896.127 Safari/537.36',
  'accept' => 'text/html,application/xhtml+xml,application/xml;q=0.9,image/avif,image/webp,image/apng,*/*;q=0.8,application/signed-exchange;v=b3;q=0.9',
  'accept-encoding' => 'gzip, deflate',
  'accept-language' => 'zh-CN,zh;q=0.9',
  'cookie' => 'Hm_lvt_dd05196a1abdf825fc7a76f577ec4144=1636596244,1636623988,1636683797,1637206457',
  'connection' => 'close',
)
[ info ] [ PARAM ] array (
)
[ info ] [ DB ] INIT mysql
[ error ] [1045]SQLSTATE[HY000] [1045] Access denied for user 'www_caomaokj_com'@'localhost' (using password: NO)[D:\Web\www.caomaokj.com\thinkphp\library\think\db\Connection.php:528]
---------------------------------------------------------------

[2022-05-05T10:45:56+08:00] 127.0.0.1 GET www.caomao.com/
[运行时间：1.027876s] [吞吐率：0.97req/s] [内存消耗：2,065.84kb] [文件加载：126]
[ info ] [ ROUTE ] array (
)
[ info ] [ HEADER ] array (
  'host' => 'www.caomao.com',
  'cache-control' => 'max-age=0',
  'upgrade-insecure-requests' => '1',
  'user-agent' => 'Mozilla/5.0 (Windows NT 10.0; Win64; x64) AppleWebKit/537.36 (KHTML, like Gecko) Chrome/100.0.4896.127 Safari/537.36',
  'accept' => 'text/html,application/xhtml+xml,application/xml;q=0.9,image/avif,image/webp,image/apng,*/*;q=0.8,application/signed-exchange;v=b3;q=0.9',
  'accept-encoding' => 'gzip, deflate',
  'accept-language' => 'zh-CN,zh;q=0.9',
  'cookie' => 'Hm_lvt_dd05196a1abdf825fc7a76f577ec4144=1636596244,1636623988,1636683797,1637206457',
  'connection' => 'close',
)
[ info ] [ PARAM ] array (
)
[ info ] [ DB ] INIT mysql
[ info ] [ VIEW ] ../application/index/view/index\index.html [ array (
  0 => 'service',
  1 => 'menu',
  2 => 'continents',
  3 => 'controller',
  4 => 'userid',
  5 => 'username',
  6 => 'nickname',
  7 => 'avatar',
  8 => 'time',
  9 => 'toolbar',
  10 => 'wechat',
  11 => 'serviceData',
  12 => 'banner',
  13 => 'hotArticle',
  14 => 'category',
  15 => 'leftArticle',
  16 => 'activity',
  17 => 'college',
  18 => 'logistics',
  19 => 'announcement',
  20 => 'links',
) ]
---------------------------------------------------------------

[2022-05-05T10:46:08+08:00] 127.0.0.1 GET www.caomao.com/index/platform
[运行时间：0.370418s] [吞吐率：2.70req/s] [内存消耗：795.48kb] [文件加载：117]
[ info ] [ ROUTE ] array (
)
[ info ] [ HEADER ] array (
  'host' => 'www.caomao.com',
  'upgrade-insecure-requests' => '1',
  'user-agent' => 'Mozilla/5.0 (Windows NT 10.0; Win64; x64) AppleWebKit/537.36 (KHTML, like Gecko) Chrome/100.0.4896.127 Safari/537.36',
  'accept' => 'text/html,application/xhtml+xml,application/xml;q=0.9,image/avif,image/webp,image/apng,*/*;q=0.8,application/signed-exchange;v=b3;q=0.9',
  'referer' => 'http://www.caomao.com/',
  'accept-encoding' => 'gzip, deflate',
  'accept-language' => 'zh-CN,zh;q=0.9',
  'cookie' => 'Hm_lvt_dd05196a1abdf825fc7a76f577ec4144=1636596244,1636623988,1636683797,1637206457; PHPSESSID=tl1rnl6k291ne8rhvht4l8ad8q',
  'connection' => 'close',
)
[ info ] [ PARAM ] array (
)
[ info ] [ DB ] INIT mysql
[ info ] [ VIEW ] ../application/index/view/platform\index.html [ array (
  0 => 'service',
  1 => 'menu',
  2 => 'continents',
  3 => 'controller',
  4 => 'userid',
  5 => 'username',
  6 => 'nickname',
  7 => 'avatar',
  8 => 'time',
  9 => 'toolbar',
  10 => 'wechat',
  11 => 'banner',
  12 => 'phoneBanner',
  13 => 'id',
  14 => 'platform',
) ]
---------------------------------------------------------------

[2022-05-05T10:46:10+08:00] 127.0.0.1 GET www.caomao.com/index/service/index/category_id/158
[运行时间：0.336164s] [吞吐率：2.97req/s] [内存消耗：710.86kb] [文件加载：114]
[ info ] [ ROUTE ] array (
)
[ info ] [ HEADER ] array (
  'host' => 'www.caomao.com',
  'upgrade-insecure-requests' => '1',
  'user-agent' => 'Mozilla/5.0 (Windows NT 10.0; Win64; x64) AppleWebKit/537.36 (KHTML, like Gecko) Chrome/100.0.4896.127 Safari/537.36',
  'accept' => 'text/html,application/xhtml+xml,application/xml;q=0.9,image/avif,image/webp,image/apng,*/*;q=0.8,application/signed-exchange;v=b3;q=0.9',
  'referer' => 'http://www.caomao.com/index/platform',
  'accept-encoding' => 'gzip, deflate',
  'accept-language' => 'zh-CN,zh;q=0.9',
  'cookie' => 'Hm_lvt_dd05196a1abdf825fc7a76f577ec4144=1636596244,1636623988,1636683797,1637206457; PHPSESSID=tl1rnl6k291ne8rhvht4l8ad8q',
  'connection' => 'close',
)
[ info ] [ PARAM ] array (
  'category_id' => '158',
)
[ info ] [ DB ] INIT mysql
[ info ] [ VIEW ] ../application/index/view/service\index.html [ array (
  0 => 'service',
  1 => 'menu',
  2 => 'continents',
  3 => 'controller',
  4 => 'userid',
  5 => 'username',
  6 => 'nickname',
  7 => 'avatar',
  8 => 'time',
  9 => 'toolbar',
  10 => 'wechat',
  11 => 'list',
  12 => 'banner',
) ]
---------------------------------------------------------------

[2022-05-05T10:46:10+08:00] 127.0.0.1 GET www.caomao.com/index/service/index/category_id/159
[运行时间：0.172313s] [吞吐率：5.80req/s] [内存消耗：694.43kb] [文件加载：114]
[ info ] [ ROUTE ] array (
)
[ info ] [ HEADER ] array (
  'host' => 'www.caomao.com',
  'upgrade-insecure-requests' => '1',
  'user-agent' => 'Mozilla/5.0 (Windows NT 10.0; Win64; x64) AppleWebKit/537.36 (KHTML, like Gecko) Chrome/100.0.4896.127 Safari/537.36',
  'accept' => 'text/html,application/xhtml+xml,application/xml;q=0.9,image/avif,image/webp,image/apng,*/*;q=0.8,application/signed-exchange;v=b3;q=0.9',
  'referer' => 'http://www.caomao.com/index/service/index/category_id/158',
  'accept-encoding' => 'gzip, deflate',
  'accept-language' => 'zh-CN,zh;q=0.9',
  'cookie' => 'Hm_lvt_dd05196a1abdf825fc7a76f577ec4144=1636596244,1636623988,1636683797,1637206457; PHPSESSID=tl1rnl6k291ne8rhvht4l8ad8q',
  'connection' => 'close',
)
[ info ] [ PARAM ] array (
  'category_id' => '159',
)
[ info ] [ DB ] INIT mysql
[ info ] [ VIEW ] ../application/index/view/service\index.html [ array (
  0 => 'service',
  1 => 'menu',
  2 => 'continents',
  3 => 'controller',
  4 => 'userid',
  5 => 'username',
  6 => 'nickname',
  7 => 'avatar',
  8 => 'time',
  9 => 'toolbar',
  10 => 'wechat',
  11 => 'list',
  12 => 'banner',
) ]
---------------------------------------------------------------

[2022-05-05T10:46:12+08:00] 127.0.0.1 GET www.caomao.com/index/home
[运行时间：0.607681s] [吞吐率：1.65req/s] [内存消耗：1,792.07kb] [文件加载：120]
[ info ] [ ROUTE ] array (
)
[ info ] [ HEADER ] array (
  'host' => 'www.caomao.com',
  'upgrade-insecure-requests' => '1',
  'user-agent' => 'Mozilla/5.0 (Windows NT 10.0; Win64; x64) AppleWebKit/537.36 (KHTML, like Gecko) Chrome/100.0.4896.127 Safari/537.36',
  'accept' => 'text/html,application/xhtml+xml,application/xml;q=0.9,image/avif,image/webp,image/apng,*/*;q=0.8,application/signed-exchange;v=b3;q=0.9',
  'referer' => 'http://www.caomao.com/index/service/index/category_id/159',
  'accept-encoding' => 'gzip, deflate',
  'accept-language' => 'zh-CN,zh;q=0.9',
  'cookie' => 'Hm_lvt_dd05196a1abdf825fc7a76f577ec4144=1636596244,1636623988,1636683797,1637206457; PHPSESSID=tl1rnl6k291ne8rhvht4l8ad8q',
  'connection' => 'close',
)
[ info ] [ PARAM ] array (
)
[ info ] [ DB ] INIT mysql
[ info ] [ VIEW ] ../application/index/view/home\index.html [ array (
  0 => 'service',
  1 => 'menu',
  2 => 'continents',
  3 => 'controller',
  4 => 'userid',
  5 => 'username',
  6 => 'nickname',
  7 => 'avatar',
  8 => 'time',
  9 => 'toolbar',
  10 => 'wechat',
  11 => 'banner',
  12 => 'article',
  13 => 'category',
  14 => 'leftArticle',
  15 => 'college_list',
  16 => 'hotArticle',
  17 => 'newArticle',
  18 => 'hotKeywords',
) ]
