---------------------------------------------------------------

[2022-04-25T10:47:28+08:00] 127.0.0.1 GET www.caomao.com/usezan/index.html
[运行时间：0.971718s] [吞吐率：1.03req/s] [内存消耗：640.05kb] [文件加载：89]
[ info ] [ LANG ] D:\Web\www.caomaokj.com\application\usezan\\lang\cn.php
[ info ] [ ROUTE ] array (
)
[ info ] [ HEADER ] array (
  'host' => 'www.caomao.com',
  'connection' => 'keep-alive',
  'upgrade-insecure-requests' => '1',
  'user-agent' => 'Mozilla/5.0 (Windows NT 10.0; Win64; x64) AppleWebKit/537.36 (KHTML, like Gecko) Chrome/100.0.4896.127 Safari/537.36',
  'accept' => 'text/html,application/xhtml+xml,application/xml;q=0.9,image/avif,image/webp,image/apng,*/*;q=0.8,application/signed-exchange;v=b3;q=0.9',
  'accept-encoding' => 'gzip, deflate',
  'accept-language' => 'zh-CN,zh;q=0.9',
  'cookie' => 'Hm_lvt_dd05196a1abdf825fc7a76f577ec4144=1636596244,1636623988,1636683797,1637206457; user=think%3A%7B%22username%22%3A%222NywHCEVdQ12yudRNWVg74s%22%2C%22password%22%3A%22iozmHXUQcFkPlrUMOF475YlilU2tgfCadRpvZXpFcScg6p9llcTMRYkb9jK1jATQ%22%7D',
)
[ info ] [ PARAM ] array (
)
---------------------------------------------------------------

[2022-04-25T10:47:35+08:00] 127.0.0.1 GET www.caomao.com/
[运行时间：7.050518s] [吞吐率：0.14req/s] [内存消耗：2,252.41kb] [文件加载：125]
[ info ] [ ROUTE ] array (
)
[ info ] [ HEADER ] array (
  'host' => 'www.caomao.com',
  'connection' => 'keep-alive',
  'cache-control' => 'max-age=0',
  'upgrade-insecure-requests' => '1',
  'user-agent' => 'Mozilla/5.0 (Windows NT 10.0; Win64; x64) AppleWebKit/537.36 (KHTML, like Gecko) Chrome/100.0.4896.127 Safari/537.36',
  'accept' => 'text/html,application/xhtml+xml,application/xml;q=0.9,image/avif,image/webp,image/apng,*/*;q=0.8,application/signed-exchange;v=b3;q=0.9',
  'accept-encoding' => 'gzip, deflate',
  'accept-language' => 'zh-CN,zh;q=0.9',
  'cookie' => 'Hm_lvt_dd05196a1abdf825fc7a76f577ec4144=1636596244,1636623988,1636683797,1637206457; user=think%3A%7B%22username%22%3A%222NywHCEVdQ12yudRNWVg74s%22%2C%22password%22%3A%22iozmHXUQcFkPlrUMOF475YlilU2tgfCadRpvZXpFcScg6p9llcTMRYkb9jK1jATQ%22%7D',
)
[ info ] [ PARAM ] array (
)
[ info ] [ DB ] INIT mysql
[ info ] [ VIEW ] ../application/index/view/index\index.html [ array (
  0 => 'service',
  1 => 'menu',
  2 => 'continents',
  3 => 'controller',
  4 => 'userid',
  5 => 'username',
  6 => 'nickname',
  7 => 'avatar',
  8 => 'time',
  9 => 'toolbar',
  10 => 'wechat',
  11 => 'serviceData',
  12 => 'banner',
  13 => 'hotArticle',
  14 => 'category',
  15 => 'leftArticle',
  16 => 'activity',
  17 => 'college',
  18 => 'logistics',
  19 => 'announcement',
  20 => 'links',
) ]
---------------------------------------------------------------

[2022-04-25T10:47:36+08:00] 127.0.0.1 GET www.caomao.com/
[运行时间：0.915339s] [吞吐率：1.09req/s] [内存消耗：2,003.41kb] [文件加载：125]
[ info ] [ ROUTE ] array (
)
[ info ] [ HEADER ] array (
  'host' => 'www.caomao.com',
  'connection' => 'keep-alive',
  'upgrade-insecure-requests' => '1',
  'user-agent' => 'Mozilla/5.0 (Windows NT 10.0; Win64; x64) AppleWebKit/537.36 (KHTML, like Gecko) Chrome/100.0.4896.127 Safari/537.36',
  'accept' => 'text/html,application/xhtml+xml,application/xml;q=0.9,image/avif,image/webp,image/apng,*/*;q=0.8,application/signed-exchange;v=b3;q=0.9',
  'accept-encoding' => 'gzip, deflate',
  'accept-language' => 'zh-CN,zh;q=0.9',
  'cookie' => 'Hm_lvt_dd05196a1abdf825fc7a76f577ec4144=1636596244,1636623988,1636683797,1637206457; user=think%3A%7B%22username%22%3A%222NywHCEVdQ12yudRNWVg74s%22%2C%22password%22%3A%22iozmHXUQcFkPlrUMOF475YlilU2tgfCadRpvZXpFcScg6p9llcTMRYkb9jK1jATQ%22%7D',
)
[ info ] [ PARAM ] array (
)
[ info ] [ DB ] INIT mysql
[ info ] [ VIEW ] ../application/index/view/index\index.html [ array (
  0 => 'service',
  1 => 'menu',
  2 => 'continents',
  3 => 'controller',
  4 => 'userid',
  5 => 'username',
  6 => 'nickname',
  7 => 'avatar',
  8 => 'time',
  9 => 'toolbar',
  10 => 'wechat',
  11 => 'serviceData',
  12 => 'banner',
  13 => 'hotArticle',
  14 => 'category',
  15 => 'leftArticle',
  16 => 'activity',
  17 => 'college',
  18 => 'logistics',
  19 => 'announcement',
  20 => 'links',
) ]
---------------------------------------------------------------

[2022-04-25T15:17:38+08:00] 127.0.0.1 GET www.caomao.com/
[运行时间：3.006631s] [吞吐率：0.33req/s] [内存消耗：2,003.75kb] [文件加载：125]
[ info ] [ ROUTE ] array (
)
[ info ] [ HEADER ] array (
  'host' => 'www.caomao.com',
  'connection' => 'keep-alive',
  'upgrade-insecure-requests' => '1',
  'user-agent' => 'Mozilla/5.0 (Windows NT 10.0; Win64; x64) AppleWebKit/537.36 (KHTML, like Gecko) Chrome/100.0.4896.127 Safari/537.36',
  'accept' => 'text/html,application/xhtml+xml,application/xml;q=0.9,image/avif,image/webp,image/apng,*/*;q=0.8,application/signed-exchange;v=b3;q=0.9',
  'accept-encoding' => 'gzip, deflate',
  'accept-language' => 'zh-CN,zh;q=0.9',
  'cookie' => 'Hm_lvt_dd05196a1abdf825fc7a76f577ec4144=1636596244,1636623988,1636683797,1637206457; user=think%3A%7B%22username%22%3A%222NywHCEVdQ12yudRNWVg74s%22%2C%22password%22%3A%22iozmHXUQcFkPlrUMOF475YlilU2tgfCadRpvZXpFcScg6p9llcTMRYkb9jK1jATQ%22%7D; thinkphp_show_page_trace=0|0; PHPSESSID=35maoofn1lm33q72enrtsb4l11',
)
[ info ] [ PARAM ] array (
)
[ info ] [ DB ] INIT mysql
[ info ] [ VIEW ] ../application/index/view/index\index.html [ array (
  0 => 'service',
  1 => 'menu',
  2 => 'continents',
  3 => 'controller',
  4 => 'userid',
  5 => 'username',
  6 => 'nickname',
  7 => 'avatar',
  8 => 'time',
  9 => 'toolbar',
  10 => 'wechat',
  11 => 'serviceData',
  12 => 'banner',
  13 => 'hotArticle',
  14 => 'category',
  15 => 'leftArticle',
  16 => 'activity',
  17 => 'college',
  18 => 'logistics',
  19 => 'announcement',
  20 => 'links',
) ]
---------------------------------------------------------------

[2022-04-25T15:17:44+08:00] 127.0.0.1 GET www.caomao.com/
[运行时间：0.157475s] [吞吐率：6.35req/s] [内存消耗：480.55kb] [文件加载：104]
[ info ] [ ROUTE ] array (
)
[ info ] [ HEADER ] array (
  'host' => 'www.caomao.com',
  'connection' => 'keep-alive',
  'cache-control' => 'max-age=0',
  'upgrade-insecure-requests' => '1',
  'user-agent' => 'Mozilla/5.0 (Windows NT 10.0; Win64; x64) AppleWebKit/537.36 (KHTML, like Gecko) Chrome/100.0.4896.127 Safari/537.36',
  'accept' => 'text/html,application/xhtml+xml,application/xml;q=0.9,image/avif,image/webp,image/apng,*/*;q=0.8,application/signed-exchange;v=b3;q=0.9',
  'accept-encoding' => 'gzip, deflate',
  'accept-language' => 'zh-CN,zh;q=0.9',
  'cookie' => 'Hm_lvt_dd05196a1abdf825fc7a76f577ec4144=1636596244,1636623988,1636683797,1637206457; user=think%3A%7B%22username%22%3A%222NywHCEVdQ12yudRNWVg74s%22%2C%22password%22%3A%22iozmHXUQcFkPlrUMOF475YlilU2tgfCadRpvZXpFcScg6p9llcTMRYkb9jK1jATQ%22%7D; thinkphp_show_page_trace=0|0; PHPSESSID=35maoofn1lm33q72enrtsb4l11',
)
[ info ] [ PARAM ] array (
)
[ info ] [ DB ] INIT mysql
[ error ] [1045]SQLSTATE[HY000] [1045] Access denied for user 'www_caomaokj_com'@'113.67.182.53' (using password: YES)[D:\Web\www.caomaokj.com\thinkphp\library\think\db\Connection.php:528]
---------------------------------------------------------------

[2022-04-25T15:17:47+08:00] 127.0.0.1 GET www.caomao.com/
[运行时间：1.569391s] [吞吐率：0.64req/s] [内存消耗：2,004.68kb] [文件加载：125]
[ info ] [ ROUTE ] array (
)
[ info ] [ HEADER ] array (
  'host' => 'www.caomao.com',
  'connection' => 'keep-alive',
  'cache-control' => 'max-age=0',
  'upgrade-insecure-requests' => '1',
  'user-agent' => 'Mozilla/5.0 (Windows NT 10.0; Win64; x64) AppleWebKit/537.36 (KHTML, like Gecko) Chrome/100.0.4896.127 Safari/537.36',
  'accept' => 'text/html,application/xhtml+xml,application/xml;q=0.9,image/avif,image/webp,image/apng,*/*;q=0.8,application/signed-exchange;v=b3;q=0.9',
  'accept-encoding' => 'gzip, deflate',
  'accept-language' => 'zh-CN,zh;q=0.9',
  'cookie' => 'Hm_lvt_dd05196a1abdf825fc7a76f577ec4144=1636596244,1636623988,1636683797,1637206457; user=think%3A%7B%22username%22%3A%222NywHCEVdQ12yudRNWVg74s%22%2C%22password%22%3A%22iozmHXUQcFkPlrUMOF475YlilU2tgfCadRpvZXpFcScg6p9llcTMRYkb9jK1jATQ%22%7D; thinkphp_show_page_trace=0|0; PHPSESSID=35maoofn1lm33q72enrtsb4l11',
)
[ info ] [ PARAM ] array (
)
[ info ] [ DB ] INIT mysql
[ info ] [ VIEW ] ../application/index/view/index\index.html [ array (
  0 => 'service',
  1 => 'menu',
  2 => 'continents',
  3 => 'controller',
  4 => 'userid',
  5 => 'username',
  6 => 'nickname',
  7 => 'avatar',
  8 => 'time',
  9 => 'toolbar',
  10 => 'wechat',
  11 => 'serviceData',
  12 => 'banner',
  13 => 'hotArticle',
  14 => 'category',
  15 => 'leftArticle',
  16 => 'activity',
  17 => 'college',
  18 => 'logistics',
  19 => 'announcement',
  20 => 'links',
) ]
---------------------------------------------------------------

[2022-04-25T15:17:49+08:00] 127.0.0.1 GET www.caomao.com/index/Logistics
[运行时间：0.648166s] [吞吐率：1.54req/s] [内存消耗：956.24kb] [文件加载：119]
[ info ] [ ROUTE ] array (
)
[ info ] [ HEADER ] array (
  'host' => 'www.caomao.com',
  'connection' => 'keep-alive',
  'upgrade-insecure-requests' => '1',
  'user-agent' => 'Mozilla/5.0 (Windows NT 10.0; Win64; x64) AppleWebKit/537.36 (KHTML, like Gecko) Chrome/100.0.4896.127 Safari/537.36',
  'accept' => 'text/html,application/xhtml+xml,application/xml;q=0.9,image/avif,image/webp,image/apng,*/*;q=0.8,application/signed-exchange;v=b3;q=0.9',
  'referer' => 'http://www.caomao.com/',
  'accept-encoding' => 'gzip, deflate',
  'accept-language' => 'zh-CN,zh;q=0.9',
  'cookie' => 'Hm_lvt_dd05196a1abdf825fc7a76f577ec4144=1636596244,1636623988,1636683797,1637206457; user=think%3A%7B%22username%22%3A%222NywHCEVdQ12yudRNWVg74s%22%2C%22password%22%3A%22iozmHXUQcFkPlrUMOF475YlilU2tgfCadRpvZXpFcScg6p9llcTMRYkb9jK1jATQ%22%7D; thinkphp_show_page_trace=0|0; PHPSESSID=35maoofn1lm33q72enrtsb4l11',
)
[ info ] [ PARAM ] array (
)
[ info ] [ DB ] INIT mysql
[ info ] [ VIEW ] ../application/index/view/logistics\index.html [ array (
  0 => 'service',
  1 => 'menu',
  2 => 'continents',
  3 => 'controller',
  4 => 'userid',
  5 => 'username',
  6 => 'nickname',
  7 => 'avatar',
  8 => 'time',
  9 => 'toolbar',
  10 => 'wechat',
  11 => 'cate',
  12 => 'attr',
  13 => 'type',
  14 => 'categoryData',
  15 => 'attributesData',
  16 => 'seviceTypeData',
  17 => 'logistics',
  18 => 'page',
  19 => 'count',
) ]
---------------------------------------------------------------

[2022-04-25T15:17:50+08:00] 127.0.0.1 POST www.caomao.com/index/logistics_api/recommendLogistics
[运行时间：0.116153s] [吞吐率：8.61req/s] [内存消耗：589.62kb] [文件加载：104]
[ info ] [ ROUTE ] array (
)
[ info ] [ HEADER ] array (
  'host' => 'www.caomao.com',
  'connection' => 'keep-alive',
  'content-length' => '7',
  'accept' => '*/*',
  'x-requested-with' => 'XMLHttpRequest',
  'user-agent' => 'Mozilla/5.0 (Windows NT 10.0; Win64; x64) AppleWebKit/537.36 (KHTML, like Gecko) Chrome/100.0.4896.127 Safari/537.36',
  'content-type' => 'application/x-www-form-urlencoded; charset=UTF-8',
  'origin' => 'http://www.caomao.com',
  'referer' => 'http://www.caomao.com/index/Logistics',
  'accept-encoding' => 'gzip, deflate',
  'accept-language' => 'zh-CN,zh;q=0.9',
  'cookie' => 'thinkphp_show_page_trace=0|0; Hm_lvt_dd05196a1abdf825fc7a76f577ec4144=1636596244,1636623988,1636683797,1637206457; user=think%3A%7B%22username%22%3A%222NywHCEVdQ12yudRNWVg74s%22%2C%22password%22%3A%22iozmHXUQcFkPlrUMOF475YlilU2tgfCadRpvZXpFcScg6p9llcTMRYkb9jK1jATQ%22%7D; thinkphp_show_page_trace=0|0; PHPSESSID=35maoofn1lm33q72enrtsb4l11',
)
[ info ] [ PARAM ] array (
  'limit' => '3',
)
[ info ] [ DB ] INIT mysql
---------------------------------------------------------------

[2022-04-25T15:17:50+08:00] 127.0.0.1 POST www.caomao.com/index/home_api/recommendArticle
[运行时间：0.182001s] [吞吐率：5.49req/s] [内存消耗：595.48kb] [文件加载：104]
[ info ] [ ROUTE ] array (
)
[ info ] [ HEADER ] array (
  'host' => 'www.caomao.com',
  'connection' => 'keep-alive',
  'content-length' => '216',
  'accept' => '*/*',
  'x-requested-with' => 'XMLHttpRequest',
  'user-agent' => 'Mozilla/5.0 (Windows NT 10.0; Win64; x64) AppleWebKit/537.36 (KHTML, like Gecko) Chrome/100.0.4896.127 Safari/537.36',
  'content-type' => 'application/x-www-form-urlencoded; charset=UTF-8',
  'origin' => 'http://www.caomao.com',
  'referer' => 'http://www.caomao.com/index/Logistics',
  'accept-encoding' => 'gzip, deflate',
  'accept-language' => 'zh-CN,zh;q=0.9',
  'cookie' => 'thinkphp_show_page_trace=0|0; Hm_lvt_dd05196a1abdf825fc7a76f577ec4144=1636596244,1636623988,1636683797,1637206457; user=think%3A%7B%22username%22%3A%222NywHCEVdQ12yudRNWVg74s%22%2C%22password%22%3A%22iozmHXUQcFkPlrUMOF475YlilU2tgfCadRpvZXpFcScg6p9llcTMRYkb9jK1jATQ%22%7D; thinkphp_show_page_trace=0|0; PHPSESSID=35maoofn1lm33q72enrtsb4l11',
)
[ info ] [ PARAM ] array (
  'title' => '找专线_国际海陆空运专线_跨境物流公司查询-草帽跨境',
)
[ info ] [ DB ] INIT mysql
---------------------------------------------------------------

[2022-04-25T15:17:51+08:00] 127.0.0.1 GET www.caomao.com/index/community
[运行时间：0.529652s] [吞吐率：1.89req/s] [内存消耗：737.91kb] [文件加载：118]
[ info ] [ ROUTE ] array (
)
[ info ] [ HEADER ] array (
  'host' => 'www.caomao.com',
  'connection' => 'keep-alive',
  'upgrade-insecure-requests' => '1',
  'user-agent' => 'Mozilla/5.0 (Windows NT 10.0; Win64; x64) AppleWebKit/537.36 (KHTML, like Gecko) Chrome/100.0.4896.127 Safari/537.36',
  'accept' => 'text/html,application/xhtml+xml,application/xml;q=0.9,image/avif,image/webp,image/apng,*/*;q=0.8,application/signed-exchange;v=b3;q=0.9',
  'referer' => 'http://www.caomao.com/index/Logistics',
  'accept-encoding' => 'gzip, deflate',
  'accept-language' => 'zh-CN,zh;q=0.9',
  'cookie' => 'thinkphp_show_page_trace=0|0; Hm_lvt_dd05196a1abdf825fc7a76f577ec4144=1636596244,1636623988,1636683797,1637206457; user=think%3A%7B%22username%22%3A%222NywHCEVdQ12yudRNWVg74s%22%2C%22password%22%3A%22iozmHXUQcFkPlrUMOF475YlilU2tgfCadRpvZXpFcScg6p9llcTMRYkb9jK1jATQ%22%7D; thinkphp_show_page_trace=0|0; PHPSESSID=35maoofn1lm33q72enrtsb4l11',
)
[ info ] [ PARAM ] array (
)
[ info ] [ DB ] INIT mysql
[ info ] [ VIEW ] ../application/index/view/community\index.html [ array (
  0 => 'service',
  1 => 'menu',
  2 => 'continents',
  3 => 'controller',
  4 => 'userid',
  5 => 'username',
  6 => 'nickname',
  7 => 'avatar',
  8 => 'time',
  9 => 'toolbar',
  10 => 'wechat',
  11 => 'banner',
  12 => 'list',
) ]
---------------------------------------------------------------

[2022-04-25T17:49:04+08:00] 127.0.0.1 GET www.caomao.com/
[运行时间：0.962724s] [吞吐率：1.04req/s] [内存消耗：2,003.73kb] [文件加载：125]
[ info ] [ ROUTE ] array (
)
[ info ] [ HEADER ] array (
  'host' => 'www.caomao.com',
  'connection' => 'keep-alive',
  'upgrade-insecure-requests' => '1',
  'user-agent' => 'Mozilla/5.0 (Windows NT 10.0; Win64; x64) AppleWebKit/537.36 (KHTML, like Gecko) Chrome/100.0.4896.127 Safari/537.36',
  'accept' => 'text/html,application/xhtml+xml,application/xml;q=0.9,image/avif,image/webp,image/apng,*/*;q=0.8,application/signed-exchange;v=b3;q=0.9',
  'accept-encoding' => 'gzip, deflate',
  'accept-language' => 'zh-CN,zh;q=0.9',
  'cookie' => 'Hm_lvt_dd05196a1abdf825fc7a76f577ec4144=1636596244,1636623988,1636683797,1637206457; user=think%3A%7B%22username%22%3A%222NywHCEVdQ12yudRNWVg74s%22%2C%22password%22%3A%22iozmHXUQcFkPlrUMOF475YlilU2tgfCadRpvZXpFcScg6p9llcTMRYkb9jK1jATQ%22%7D; thinkphp_show_page_trace=0|0; PHPSESSID=35maoofn1lm33q72enrtsb4l11',
)
[ info ] [ PARAM ] array (
)
[ info ] [ DB ] INIT mysql
[ info ] [ VIEW ] ../application/index/view/index\index.html [ array (
  0 => 'service',
  1 => 'menu',
  2 => 'continents',
  3 => 'controller',
  4 => 'userid',
  5 => 'username',
  6 => 'nickname',
  7 => 'avatar',
  8 => 'time',
  9 => 'toolbar',
  10 => 'wechat',
  11 => 'serviceData',
  12 => 'banner',
  13 => 'hotArticle',
  14 => 'category',
  15 => 'leftArticle',
  16 => 'activity',
  17 => 'college',
  18 => 'logistics',
  19 => 'announcement',
  20 => 'links',
) ]
